/home/aguillares/interbotix_ws/src/robot_pkg/install/robot_pkg/lib/python3.10/site-packages/robot_pkg/strawberryDetection.py
/home/aguillares/interbotix_ws/src/robot_pkg/install/robot_pkg/lib/python3.10/site-packages/robot_pkg/robotNode.py
/home/aguillares/interbotix_ws/src/robot_pkg/install/robot_pkg/lib/python3.10/site-packages/robot_pkg/__init__.py
/home/aguillares/interbotix_ws/src/robot_pkg/install/robot_pkg/lib/python3.10/site-packages/robot_pkg/cameraNode.py
/home/aguillares/interbotix_ws/src/robot_pkg/install/robot_pkg/lib/python3.10/site-packages/robot_pkg/__pycache__/strawberryDetection.cpython-310.pyc
/home/aguillares/interbotix_ws/src/robot_pkg/install/robot_pkg/lib/python3.10/site-packages/robot_pkg/__pycache__/robotNode.cpython-310.pyc
/home/aguillares/interbotix_ws/src/robot_pkg/install/robot_pkg/lib/python3.10/site-packages/robot_pkg/__pycache__/__init__.cpython-310.pyc
/home/aguillares/interbotix_ws/src/robot_pkg/install/robot_pkg/lib/python3.10/site-packages/robot_pkg/__pycache__/cameraNode.cpython-310.pyc
/home/aguillares/interbotix_ws/src/robot_pkg/install/robot_pkg/share/ament_index/resource_index/packages/robot_pkg
/home/aguillares/interbotix_ws/src/robot_pkg/install/robot_pkg/share/robot_pkg/package.xml
/home/aguillares/interbotix_ws/src/robot_pkg/install/robot_pkg/share/robot_pkg/launch/robot_pkg_launch_file.launch.py
/home/aguillares/interbotix_ws/src/robot_pkg/install/robot_pkg/lib/python3.10/site-packages/robot_pkg-0.0.0-py3.10.egg-info/PKG-INFO
/home/aguillares/interbotix_ws/src/robot_pkg/install/robot_pkg/lib/python3.10/site-packages/robot_pkg-0.0.0-py3.10.egg-info/dependency_links.txt
/home/aguillares/interbotix_ws/src/robot_pkg/install/robot_pkg/lib/python3.10/site-packages/robot_pkg-0.0.0-py3.10.egg-info/entry_points.txt
/home/aguillares/interbotix_ws/src/robot_pkg/install/robot_pkg/lib/python3.10/site-packages/robot_pkg-0.0.0-py3.10.egg-info/zip-safe
/home/aguillares/interbotix_ws/src/robot_pkg/install/robot_pkg/lib/python3.10/site-packages/robot_pkg-0.0.0-py3.10.egg-info/top_level.txt
/home/aguillares/interbotix_ws/src/robot_pkg/install/robot_pkg/lib/python3.10/site-packages/robot_pkg-0.0.0-py3.10.egg-info/requires.txt
/home/aguillares/interbotix_ws/src/robot_pkg/install/robot_pkg/lib/python3.10/site-packages/robot_pkg-0.0.0-py3.10.egg-info/SOURCES.txt
/home/aguillares/interbotix_ws/src/robot_pkg/install/robot_pkg/lib/robot_pkg/camera
/home/aguillares/interbotix_ws/src/robot_pkg/install/robot_pkg/lib/robot_pkg/robot
