running egg_info
writing build/robot_pkg/robot_pkg.egg-info/PKG-INFO
writing dependency_links to build/robot_pkg/robot_pkg.egg-info/dependency_links.txt
writing entry points to build/robot_pkg/robot_pkg.egg-info/entry_points.txt
writing requirements to build/robot_pkg/robot_pkg.egg-info/requires.txt
writing top-level names to build/robot_pkg/robot_pkg.egg-info/top_level.txt
reading manifest file 'build/robot_pkg/robot_pkg.egg-info/SOURCES.txt'
writing manifest file 'build/robot_pkg/robot_pkg.egg-info/SOURCES.txt'
running build
running build_py
running install
running install_lib
running install_data
running install_egg_info
removing '/home/aguillares/interbotix_ws/src/robot_pkg/install/robot_pkg/lib/python3.10/site-packages/robot_pkg-0.0.0-py3.10.egg-info' (and everything under it)
Copying build/robot_pkg/robot_pkg.egg-info to /home/aguillares/interbotix_ws/src/robot_pkg/install/robot_pkg/lib/python3.10/site-packages/robot_pkg-0.0.0-py3.10.egg-info
running install_scripts
Installing camera script to /home/aguillares/interbotix_ws/src/robot_pkg/install/robot_pkg/lib/robot_pkg
Installing robot script to /home/aguillares/interbotix_ws/src/robot_pkg/install/robot_pkg/lib/robot_pkg
writing list of installed files to '/home/aguillares/interbotix_ws/src/robot_pkg/build/robot_pkg/install.log'
