[0.928s] Invoking command in '/home/aguillares/interbotix_ws/src/robot_pkg': CONDA_PROMPT_MODIFIER=(base) PYTHONPATH=/home/aguillares/interbotix_ws/src/robot_pkg/build/robot_pkg/prefix_override:/home/aguillares/interbotix_ws/src/robot_pkg/install/robot_pkg/lib/python3.10/site-packages:${PYTHONPATH} /usr/bin/python3 -W ignore:setup.py install is deprecated setup.py egg_info --egg-base build/robot_pkg build --build-base /home/aguillares/interbotix_ws/src/robot_pkg/build/robot_pkg/build install --record /home/aguillares/interbotix_ws/src/robot_pkg/build/robot_pkg/install.log --single-version-externally-managed install_data
[1.263s] running egg_info
[1.264s] writing build/robot_pkg/robot_pkg.egg-info/PKG-INFO
[1.264s] writing dependency_links to build/robot_pkg/robot_pkg.egg-info/dependency_links.txt
[1.265s] writing entry points to build/robot_pkg/robot_pkg.egg-info/entry_points.txt
[1.265s] writing requirements to build/robot_pkg/robot_pkg.egg-info/requires.txt
[1.265s] writing top-level names to build/robot_pkg/robot_pkg.egg-info/top_level.txt
[1.267s] reading manifest file 'build/robot_pkg/robot_pkg.egg-info/SOURCES.txt'
[1.268s] writing manifest file 'build/robot_pkg/robot_pkg.egg-info/SOURCES.txt'
[1.268s] running build
[1.268s] running build_py
[1.269s] running install
[1.269s] running install_lib
[1.271s] running install_data
[1.271s] running install_egg_info
[1.273s] removing '/home/aguillares/interbotix_ws/src/robot_pkg/install/robot_pkg/lib/python3.10/site-packages/robot_pkg-0.0.0-py3.10.egg-info' (and everything under it)
[1.274s] Copying build/robot_pkg/robot_pkg.egg-info to /home/aguillares/interbotix_ws/src/robot_pkg/install/robot_pkg/lib/python3.10/site-packages/robot_pkg-0.0.0-py3.10.egg-info
[1.275s] running install_scripts
[1.304s] Installing camera script to /home/aguillares/interbotix_ws/src/robot_pkg/install/robot_pkg/lib/robot_pkg
[1.304s] Installing robot script to /home/aguillares/interbotix_ws/src/robot_pkg/install/robot_pkg/lib/robot_pkg
[1.305s] writing list of installed files to '/home/aguillares/interbotix_ws/src/robot_pkg/build/robot_pkg/install.log'
[1.346s] Invoked command in '/home/aguillares/interbotix_ws/src/robot_pkg' returned '0': CONDA_PROMPT_MODIFIER=(base) PYTHONPATH=/home/aguillares/interbotix_ws/src/robot_pkg/build/robot_pkg/prefix_override:/home/aguillares/interbotix_ws/src/robot_pkg/install/robot_pkg/lib/python3.10/site-packages:${PYTHONPATH} /usr/bin/python3 -W ignore:setup.py install is deprecated setup.py egg_info --egg-base build/robot_pkg build --build-base /home/aguillares/interbotix_ws/src/robot_pkg/build/robot_pkg/build install --record /home/aguillares/interbotix_ws/src/robot_pkg/build/robot_pkg/install.log --single-version-externally-managed install_data
