[0.087s] DEBUG:colcon:Command line arguments: ['/usr/bin/colcon', 'build', '--packages-select', 'robot_pkg']
[0.087s] DEBUG:colcon:Parsed command line arguments: Namespace(log_base=None, log_level=None, verb_name='build', build_base='build', install_base='install', merge_install=False, symlink_install=False, test_result_base=None, continue_on_error=False, executor='parallel', parallel_workers=16, event_handlers=None, ignore_user_meta=False, metas=['./colcon.meta'], base_paths=['.'], packages_ignore=None, packages_ignore_regex=None, paths=None, packages_up_to=None, packages_up_to_regex=None, packages_above=None, packages_above_and_dependencies=None, packages_above_depth=None, packages_select_by_dep=None, packages_skip_by_dep=None, packages_skip_up_to=None, packages_select_build_failed=False, packages_skip_build_finished=False, packages_select_test_failures=False, packages_skip_test_passed=False, packages_select=['robot_pkg'], packages_skip=None, packages_select_regex=None, packages_skip_regex=None, packages_start=None, packages_end=None, allow_overriding=[], cmake_args=None, cmake_target=None, cmake_target_skip_unavailable=False, cmake_clean_cache=False, cmake_clean_first=False, cmake_force_configure=False, ament_cmake_args=None, catkin_cmake_args=None, catkin_skip_building_tests=False, verb_parser=<colcon_defaults.argument_parser.defaults.DefaultArgumentsDecorator object at 0x7414fee29870>, verb_extension=<colcon_core.verb.build.BuildVerb object at 0x7414fef1e410>, main=<bound method BuildVerb.main of <colcon_core.verb.build.BuildVerb object at 0x7414fef1e410>>)
[0.230s] Level 1:colcon.colcon_core.package_discovery:discover_packages(colcon_meta) check parameters
[0.230s] Level 1:colcon.colcon_core.package_discovery:discover_packages(recursive) check parameters
[0.230s] Level 1:colcon.colcon_core.package_discovery:discover_packages(ignore) check parameters
[0.230s] Level 1:colcon.colcon_core.package_discovery:discover_packages(path) check parameters
[0.230s] Level 1:colcon.colcon_core.package_discovery:discover_packages(colcon_meta) discover
[0.230s] Level 1:colcon.colcon_core.package_discovery:discover_packages(recursive) discover
[0.230s] INFO:colcon.colcon_core.package_discovery:Crawling recursively for packages in '/home/aguillares/interbotix_ws/src/robot_pkg'
[0.230s] Level 1:colcon.colcon_core.package_identification:_identify(.) by extensions ['ignore', 'ignore_ament_install']
[0.230s] Level 1:colcon.colcon_core.package_identification:_identify(.) by extension 'ignore'
[0.230s] Level 1:colcon.colcon_core.package_identification:_identify(.) by extension 'ignore_ament_install'
[0.230s] Level 1:colcon.colcon_core.package_identification:_identify(.) by extensions ['colcon_pkg']
[0.230s] Level 1:colcon.colcon_core.package_identification:_identify(.) by extension 'colcon_pkg'
[0.230s] Level 1:colcon.colcon_core.package_identification:_identify(.) by extensions ['colcon_meta']
[0.230s] Level 1:colcon.colcon_core.package_identification:_identify(.) by extension 'colcon_meta'
[0.230s] Level 1:colcon.colcon_core.package_identification:_identify(.) by extensions ['ros']
[0.230s] Level 1:colcon.colcon_core.package_identification:_identify(.) by extension 'ros'
[0.241s] DEBUG:colcon.colcon_core.package_identification:Package '.' with type 'ros.ament_python' and name 'robot_pkg'
[0.242s] Level 1:colcon.colcon_core.package_discovery:discover_packages(recursive) using defaults
[0.242s] Level 1:colcon.colcon_core.package_discovery:discover_packages(ignore) discover
[0.242s] Level 1:colcon.colcon_core.package_discovery:discover_packages(ignore) using defaults
[0.242s] Level 1:colcon.colcon_core.package_discovery:discover_packages(path) discover
[0.242s] Level 1:colcon.colcon_core.package_discovery:discover_packages(path) using defaults
[0.259s] Level 1:colcon.colcon_core.package_discovery:discover_packages(prefix_path) check parameters
[0.259s] Level 1:colcon.colcon_core.package_discovery:discover_packages(prefix_path) discover
[0.262s] DEBUG:colcon.colcon_installed_package_information.package_discovery:Found 33 installed packages in /home/aguillares/interbotix_ws/install
[0.262s] DEBUG:colcon.colcon_installed_package_information.package_discovery:Found 1 installed packages in /home/aguillares/apriltag_ws/install
[0.264s] DEBUG:colcon.colcon_installed_package_information.package_discovery:Found 351 installed packages in /opt/ros/humble
[0.276s] Level 1:colcon.colcon_core.package_discovery:discover_packages(prefix_path) using defaults
[0.293s] ERROR:colcon.colcon_core.package_augmentation:Exception in package augmentation extension 'python': 
Traceback (most recent call last):
  File "/usr/lib/python3/dist-packages/colcon_core/package_augmentation/__init__.py", line 97, in augment_packages
    retval = extension.augment_packages(
  File "/usr/lib/python3/dist-packages/colcon_installed_package_information/package_augmentation/python.py", line 44, in augment_packages
    dist = next(iter(dists))
StopIteration

[0.301s] Level 5:colcon.colcon_core.verb:set package 'robot_pkg' build argument 'cmake_args' from command line to 'None'
[0.301s] Level 5:colcon.colcon_core.verb:set package 'robot_pkg' build argument 'cmake_target' from command line to 'None'
[0.301s] Level 5:colcon.colcon_core.verb:set package 'robot_pkg' build argument 'cmake_target_skip_unavailable' from command line to 'False'
[0.301s] Level 5:colcon.colcon_core.verb:set package 'robot_pkg' build argument 'cmake_clean_cache' from command line to 'False'
[0.301s] Level 5:colcon.colcon_core.verb:set package 'robot_pkg' build argument 'cmake_clean_first' from command line to 'False'
[0.301s] Level 5:colcon.colcon_core.verb:set package 'robot_pkg' build argument 'cmake_force_configure' from command line to 'False'
[0.301s] Level 5:colcon.colcon_core.verb:set package 'robot_pkg' build argument 'ament_cmake_args' from command line to 'None'
[0.301s] Level 5:colcon.colcon_core.verb:set package 'robot_pkg' build argument 'catkin_cmake_args' from command line to 'None'
[0.301s] Level 5:colcon.colcon_core.verb:set package 'robot_pkg' build argument 'catkin_skip_building_tests' from command line to 'False'
[0.301s] DEBUG:colcon.colcon_core.verb:Building package 'robot_pkg' with the following arguments: {'ament_cmake_args': None, 'build_base': '/home/aguillares/interbotix_ws/src/robot_pkg/build/robot_pkg', 'catkin_cmake_args': None, 'catkin_skip_building_tests': False, 'cmake_args': None, 'cmake_clean_cache': False, 'cmake_clean_first': False, 'cmake_force_configure': False, 'cmake_target': None, 'cmake_target_skip_unavailable': False, 'install_base': '/home/aguillares/interbotix_ws/src/robot_pkg/install/robot_pkg', 'merge_install': False, 'path': '/home/aguillares/interbotix_ws/src/robot_pkg', 'symlink_install': False, 'test_result_base': None}
[0.301s] INFO:colcon.colcon_core.executor:Executing jobs using 'parallel' executor
[0.302s] DEBUG:colcon.colcon_parallel_executor.executor.parallel:run_until_complete
[0.302s] INFO:colcon.colcon_ros.task.ament_python.build:Building ROS package in '/home/aguillares/interbotix_ws/src/robot_pkg' with build type 'ament_python'
[0.302s] Level 1:colcon.colcon_core.shell:create_environment_hook('robot_pkg', 'ament_prefix_path')
[0.304s] INFO:colcon.colcon_core.plugin_system:Skipping extension 'colcon_core.shell.bat': Not used on non-Windows systems
[0.304s] INFO:colcon.colcon_core.shell:Creating environment hook '/home/aguillares/interbotix_ws/src/robot_pkg/install/robot_pkg/share/robot_pkg/hook/ament_prefix_path.ps1'
[0.305s] INFO:colcon.colcon_core.shell:Creating environment descriptor '/home/aguillares/interbotix_ws/src/robot_pkg/install/robot_pkg/share/robot_pkg/hook/ament_prefix_path.dsv'
[0.305s] INFO:colcon.colcon_core.shell:Creating environment hook '/home/aguillares/interbotix_ws/src/robot_pkg/install/robot_pkg/share/robot_pkg/hook/ament_prefix_path.sh'
[0.306s] INFO:colcon.colcon_core.shell:Skip shell extension 'powershell' for command environment: Not usable outside of PowerShell
[0.306s] DEBUG:colcon.colcon_core.shell:Skip shell extension 'dsv' for command environment
[0.543s] INFO:colcon.colcon_core.task.python.build:Building Python package in '/home/aguillares/interbotix_ws/src/robot_pkg'
[0.543s] INFO:colcon.colcon_core.shell:Skip shell extension 'powershell' for command environment: Not usable outside of PowerShell
[0.543s] DEBUG:colcon.colcon_core.shell:Skip shell extension 'dsv' for command environment
[0.898s] DEBUG:colcon.colcon_core.event_handler.log_command:Invoking command in '/home/aguillares/interbotix_ws/src/robot_pkg': PYTHONPATH=/home/aguillares/interbotix_ws/src/robot_pkg/build/robot_pkg/prefix_override:/home/aguillares/interbotix_ws/src/robot_pkg/install/robot_pkg/lib/python3.10/site-packages:${PYTHONPATH} /usr/bin/python3 -W ignore:setup.py install is deprecated setup.py egg_info --egg-base build/robot_pkg build --build-base /home/aguillares/interbotix_ws/src/robot_pkg/build/robot_pkg/build install --record /home/aguillares/interbotix_ws/src/robot_pkg/build/robot_pkg/install.log --single-version-externally-managed install_data
[1.180s] DEBUG:colcon.colcon_core.event_handler.log_command:Invoked command in '/home/aguillares/interbotix_ws/src/robot_pkg' returned '0': PYTHONPATH=/home/aguillares/interbotix_ws/src/robot_pkg/build/robot_pkg/prefix_override:/home/aguillares/interbotix_ws/src/robot_pkg/install/robot_pkg/lib/python3.10/site-packages:${PYTHONPATH} /usr/bin/python3 -W ignore:setup.py install is deprecated setup.py egg_info --egg-base build/robot_pkg build --build-base /home/aguillares/interbotix_ws/src/robot_pkg/build/robot_pkg/build install --record /home/aguillares/interbotix_ws/src/robot_pkg/build/robot_pkg/install.log --single-version-externally-managed install_data
[1.183s] Level 1:colcon.colcon_core.environment:checking '/home/aguillares/interbotix_ws/src/robot_pkg/install/robot_pkg' for CMake module files
[1.184s] Level 1:colcon.colcon_core.environment:checking '/home/aguillares/interbotix_ws/src/robot_pkg/install/robot_pkg' for CMake config files
[1.185s] Level 1:colcon.colcon_core.environment:checking '/home/aguillares/interbotix_ws/src/robot_pkg/install/robot_pkg/lib'
[1.185s] Level 1:colcon.colcon_core.environment:checking '/home/aguillares/interbotix_ws/src/robot_pkg/install/robot_pkg/bin'
[1.185s] Level 1:colcon.colcon_core.environment:checking '/home/aguillares/interbotix_ws/src/robot_pkg/install/robot_pkg/lib/pkgconfig/robot_pkg.pc'
[1.186s] Level 1:colcon.colcon_core.environment:checking '/home/aguillares/interbotix_ws/src/robot_pkg/install/robot_pkg/lib/python3.10/site-packages'
[1.186s] Level 1:colcon.colcon_core.shell:create_environment_hook('robot_pkg', 'pythonpath')
[1.186s] INFO:colcon.colcon_core.shell:Creating environment hook '/home/aguillares/interbotix_ws/src/robot_pkg/install/robot_pkg/share/robot_pkg/hook/pythonpath.ps1'
[1.187s] INFO:colcon.colcon_core.shell:Creating environment descriptor '/home/aguillares/interbotix_ws/src/robot_pkg/install/robot_pkg/share/robot_pkg/hook/pythonpath.dsv'
[1.188s] INFO:colcon.colcon_core.shell:Creating environment hook '/home/aguillares/interbotix_ws/src/robot_pkg/install/robot_pkg/share/robot_pkg/hook/pythonpath.sh'
[1.189s] Level 1:colcon.colcon_core.environment:checking '/home/aguillares/interbotix_ws/src/robot_pkg/install/robot_pkg/bin'
[1.189s] Level 1:colcon.colcon_core.environment:create_environment_scripts_only(robot_pkg)
[1.189s] INFO:colcon.colcon_core.shell:Creating package script '/home/aguillares/interbotix_ws/src/robot_pkg/install/robot_pkg/share/robot_pkg/package.ps1'
[1.191s] INFO:colcon.colcon_core.shell:Creating package descriptor '/home/aguillares/interbotix_ws/src/robot_pkg/install/robot_pkg/share/robot_pkg/package.dsv'
[1.192s] INFO:colcon.colcon_core.shell:Creating package script '/home/aguillares/interbotix_ws/src/robot_pkg/install/robot_pkg/share/robot_pkg/package.sh'
[1.194s] INFO:colcon.colcon_core.shell:Creating package script '/home/aguillares/interbotix_ws/src/robot_pkg/install/robot_pkg/share/robot_pkg/package.bash'
[1.195s] INFO:colcon.colcon_core.shell:Creating package script '/home/aguillares/interbotix_ws/src/robot_pkg/install/robot_pkg/share/robot_pkg/package.zsh'
[1.196s] Level 1:colcon.colcon_core.environment:create_file_with_runtime_dependencies(/home/aguillares/interbotix_ws/src/robot_pkg/install/robot_pkg/share/colcon-core/packages/robot_pkg)
[1.197s] DEBUG:colcon.colcon_parallel_executor.executor.parallel:closing loop
[1.198s] DEBUG:colcon.colcon_parallel_executor.executor.parallel:loop closed
[1.198s] DEBUG:colcon.colcon_parallel_executor.executor.parallel:run_until_complete finished with '0'
[1.198s] DEBUG:colcon.colcon_core.event_reactor:joining thread
[1.207s] INFO:colcon.colcon_core.plugin_system:Skipping extension 'colcon_notification.desktop_notification.terminal_notifier': Not used on non-Darwin systems
[1.207s] INFO:colcon.colcon_core.plugin_system:Skipping extension 'colcon_notification.desktop_notification.win32': Not used on non-Windows systems
[1.207s] INFO:colcon.colcon_notification.desktop_notification:Sending desktop notification using 'notify2'
[1.229s] DEBUG:colcon.colcon_core.event_reactor:joined thread
[1.229s] INFO:colcon.colcon_core.shell:Creating prefix script '/home/aguillares/interbotix_ws/src/robot_pkg/install/local_setup.ps1'
[1.231s] INFO:colcon.colcon_core.shell:Creating prefix util module '/home/aguillares/interbotix_ws/src/robot_pkg/install/_local_setup_util_ps1.py'
[1.235s] INFO:colcon.colcon_core.shell:Creating prefix chain script '/home/aguillares/interbotix_ws/src/robot_pkg/install/setup.ps1'
[1.240s] INFO:colcon.colcon_core.shell:Creating prefix script '/home/aguillares/interbotix_ws/src/robot_pkg/install/local_setup.sh'
[1.241s] INFO:colcon.colcon_core.shell:Creating prefix util module '/home/aguillares/interbotix_ws/src/robot_pkg/install/_local_setup_util_sh.py'
[1.242s] INFO:colcon.colcon_core.shell:Creating prefix chain script '/home/aguillares/interbotix_ws/src/robot_pkg/install/setup.sh'
[1.247s] INFO:colcon.colcon_core.shell:Creating prefix script '/home/aguillares/interbotix_ws/src/robot_pkg/install/local_setup.bash'
[1.247s] INFO:colcon.colcon_core.shell:Creating prefix chain script '/home/aguillares/interbotix_ws/src/robot_pkg/install/setup.bash'
[1.252s] INFO:colcon.colcon_core.shell:Creating prefix script '/home/aguillares/interbotix_ws/src/robot_pkg/install/local_setup.zsh'
[1.253s] INFO:colcon.colcon_core.shell:Creating prefix chain script '/home/aguillares/interbotix_ws/src/robot_pkg/install/setup.zsh'
