running egg_info
creating build/robot_pkg/robot_pkg.egg-info
writing build/robot_pkg/robot_pkg.egg-info/PKG-INFO
writing dependency_links to build/robot_pkg/robot_pkg.egg-info/dependency_links.txt
writing entry points to build/robot_pkg/robot_pkg.egg-info/entry_points.txt
writing requirements to build/robot_pkg/robot_pkg.egg-info/requires.txt
writing top-level names to build/robot_pkg/robot_pkg.egg-info/top_level.txt
writing manifest file 'build/robot_pkg/robot_pkg.egg-info/SOURCES.txt'
reading manifest file 'build/robot_pkg/robot_pkg.egg-info/SOURCES.txt'
writing manifest file 'build/robot_pkg/robot_pkg.egg-info/SOURCES.txt'
running build
running build_py
creating /home/aguillares/interbotix_ws/src/robot_pkg/build/robot_pkg/build
creating /home/aguillares/interbotix_ws/src/robot_pkg/build/robot_pkg/build/lib
creating /home/aguillares/interbotix_ws/src/robot_pkg/build/robot_pkg/build/lib/robot_pkg
copying robot_pkg/strawberryDetection.py -> /home/aguillares/interbotix_ws/src/robot_pkg/build/robot_pkg/build/lib/robot_pkg
copying robot_pkg/robotNode.py -> /home/aguillares/interbotix_ws/src/robot_pkg/build/robot_pkg/build/lib/robot_pkg
copying robot_pkg/__init__.py -> /home/aguillares/interbotix_ws/src/robot_pkg/build/robot_pkg/build/lib/robot_pkg
copying robot_pkg/cameraNode.py -> /home/aguillares/interbotix_ws/src/robot_pkg/build/robot_pkg/build/lib/robot_pkg
running install
running install_lib
creating /home/aguillares/interbotix_ws/src/robot_pkg/install/robot_pkg/lib/python3.10/site-packages/robot_pkg
copying /home/aguillares/interbotix_ws/src/robot_pkg/build/robot_pkg/build/lib/robot_pkg/strawberryDetection.py -> /home/aguillares/interbotix_ws/src/robot_pkg/install/robot_pkg/lib/python3.10/site-packages/robot_pkg
copying /home/aguillares/interbotix_ws/src/robot_pkg/build/robot_pkg/build/lib/robot_pkg/robotNode.py -> /home/aguillares/interbotix_ws/src/robot_pkg/install/robot_pkg/lib/python3.10/site-packages/robot_pkg
copying /home/aguillares/interbotix_ws/src/robot_pkg/build/robot_pkg/build/lib/robot_pkg/__init__.py -> /home/aguillares/interbotix_ws/src/robot_pkg/install/robot_pkg/lib/python3.10/site-packages/robot_pkg
copying /home/aguillares/interbotix_ws/src/robot_pkg/build/robot_pkg/build/lib/robot_pkg/cameraNode.py -> /home/aguillares/interbotix_ws/src/robot_pkg/install/robot_pkg/lib/python3.10/site-packages/robot_pkg
byte-compiling /home/aguillares/interbotix_ws/src/robot_pkg/install/robot_pkg/lib/python3.10/site-packages/robot_pkg/strawberryDetection.py to strawberryDetection.cpython-310.pyc
byte-compiling /home/aguillares/interbotix_ws/src/robot_pkg/install/robot_pkg/lib/python3.10/site-packages/robot_pkg/robotNode.py to robotNode.cpython-310.pyc
byte-compiling /home/aguillares/interbotix_ws/src/robot_pkg/install/robot_pkg/lib/python3.10/site-packages/robot_pkg/__init__.py to __init__.cpython-310.pyc
byte-compiling /home/aguillares/interbotix_ws/src/robot_pkg/install/robot_pkg/lib/python3.10/site-packages/robot_pkg/cameraNode.py to cameraNode.cpython-310.pyc
running install_data
creating /home/aguillares/interbotix_ws/src/robot_pkg/install/robot_pkg/share/ament_index
creating /home/aguillares/interbotix_ws/src/robot_pkg/install/robot_pkg/share/ament_index/resource_index
creating /home/aguillares/interbotix_ws/src/robot_pkg/install/robot_pkg/share/ament_index/resource_index/packages
copying resource/robot_pkg -> /home/aguillares/interbotix_ws/src/robot_pkg/install/robot_pkg/share/ament_index/resource_index/packages
copying package.xml -> /home/aguillares/interbotix_ws/src/robot_pkg/install/robot_pkg/share/robot_pkg
creating /home/aguillares/interbotix_ws/src/robot_pkg/install/robot_pkg/share/robot_pkg/launch
copying launch/robot_pkg_launch_file.launch.py -> /home/aguillares/interbotix_ws/src/robot_pkg/install/robot_pkg/share/robot_pkg/launch
running install_egg_info
Copying build/robot_pkg/robot_pkg.egg-info to /home/aguillares/interbotix_ws/src/robot_pkg/install/robot_pkg/lib/python3.10/site-packages/robot_pkg-0.0.0-py3.10.egg-info
running install_scripts
Installing camera script to /home/aguillares/interbotix_ws/src/robot_pkg/install/robot_pkg/lib/robot_pkg
Installing robot script to /home/aguillares/interbotix_ws/src/robot_pkg/install/robot_pkg/lib/robot_pkg
writing list of installed files to '/home/aguillares/interbotix_ws/src/robot_pkg/build/robot_pkg/install.log'
