[0.984s] Invoking command in '/home/aguillares/interbotix_ws/src/robot_pkg': CONDA_PROMPT_MODIFIER=(base) PYTHONPATH=/home/aguillares/interbotix_ws/src/robot_pkg/build/robot_pkg/prefix_override:/home/aguillares/interbotix_ws/src/robot_pkg/install/robot_pkg/lib/python3.10/site-packages:${PYTHONPATH} /usr/bin/python3 -W ignore:setup.py install is deprecated setup.py egg_info --egg-base build/robot_pkg build --build-base /home/aguillares/interbotix_ws/src/robot_pkg/build/robot_pkg/build install --record /home/aguillares/interbotix_ws/src/robot_pkg/build/robot_pkg/install.log --single-version-externally-managed install_data
[1.332s] running egg_info
[1.333s] creating build/robot_pkg/robot_pkg.egg-info
[1.333s] writing build/robot_pkg/robot_pkg.egg-info/PKG-INFO
[1.333s] writing dependency_links to build/robot_pkg/robot_pkg.egg-info/dependency_links.txt
[1.334s] writing entry points to build/robot_pkg/robot_pkg.egg-info/entry_points.txt
[1.334s] writing requirements to build/robot_pkg/robot_pkg.egg-info/requires.txt
[1.334s] writing top-level names to build/robot_pkg/robot_pkg.egg-info/top_level.txt
[1.334s] writing manifest file 'build/robot_pkg/robot_pkg.egg-info/SOURCES.txt'
[1.336s] reading manifest file 'build/robot_pkg/robot_pkg.egg-info/SOURCES.txt'
[1.337s] writing manifest file 'build/robot_pkg/robot_pkg.egg-info/SOURCES.txt'
[1.337s] running build
[1.337s] running build_py
[1.338s] creating /home/aguillares/interbotix_ws/src/robot_pkg/build/robot_pkg/build
[1.338s] creating /home/aguillares/interbotix_ws/src/robot_pkg/build/robot_pkg/build/lib
[1.338s] creating /home/aguillares/interbotix_ws/src/robot_pkg/build/robot_pkg/build/lib/robot_pkg
[1.338s] copying robot_pkg/strawberryDetection.py -> /home/aguillares/interbotix_ws/src/robot_pkg/build/robot_pkg/build/lib/robot_pkg
[1.338s] copying robot_pkg/robotNode.py -> /home/aguillares/interbotix_ws/src/robot_pkg/build/robot_pkg/build/lib/robot_pkg
[1.338s] copying robot_pkg/__init__.py -> /home/aguillares/interbotix_ws/src/robot_pkg/build/robot_pkg/build/lib/robot_pkg
[1.338s] copying robot_pkg/cameraNode.py -> /home/aguillares/interbotix_ws/src/robot_pkg/build/robot_pkg/build/lib/robot_pkg
[1.338s] running install
[1.339s] running install_lib
[1.340s] creating /home/aguillares/interbotix_ws/src/robot_pkg/install/robot_pkg/lib/python3.10/site-packages/robot_pkg
[1.340s] copying /home/aguillares/interbotix_ws/src/robot_pkg/build/robot_pkg/build/lib/robot_pkg/strawberryDetection.py -> /home/aguillares/interbotix_ws/src/robot_pkg/install/robot_pkg/lib/python3.10/site-packages/robot_pkg
[1.341s] copying /home/aguillares/interbotix_ws/src/robot_pkg/build/robot_pkg/build/lib/robot_pkg/robotNode.py -> /home/aguillares/interbotix_ws/src/robot_pkg/install/robot_pkg/lib/python3.10/site-packages/robot_pkg
[1.341s] copying /home/aguillares/interbotix_ws/src/robot_pkg/build/robot_pkg/build/lib/robot_pkg/__init__.py -> /home/aguillares/interbotix_ws/src/robot_pkg/install/robot_pkg/lib/python3.10/site-packages/robot_pkg
[1.341s] copying /home/aguillares/interbotix_ws/src/robot_pkg/build/robot_pkg/build/lib/robot_pkg/cameraNode.py -> /home/aguillares/interbotix_ws/src/robot_pkg/install/robot_pkg/lib/python3.10/site-packages/robot_pkg
[1.341s] byte-compiling /home/aguillares/interbotix_ws/src/robot_pkg/install/robot_pkg/lib/python3.10/site-packages/robot_pkg/strawberryDetection.py to strawberryDetection.cpython-310.pyc
[1.345s] byte-compiling /home/aguillares/interbotix_ws/src/robot_pkg/install/robot_pkg/lib/python3.10/site-packages/robot_pkg/robotNode.py to robotNode.cpython-310.pyc
[1.347s] byte-compiling /home/aguillares/interbotix_ws/src/robot_pkg/install/robot_pkg/lib/python3.10/site-packages/robot_pkg/__init__.py to __init__.cpython-310.pyc
[1.347s] byte-compiling /home/aguillares/interbotix_ws/src/robot_pkg/install/robot_pkg/lib/python3.10/site-packages/robot_pkg/cameraNode.py to cameraNode.cpython-310.pyc
[1.348s] running install_data
[1.348s] creating /home/aguillares/interbotix_ws/src/robot_pkg/install/robot_pkg/share/ament_index
[1.348s] creating /home/aguillares/interbotix_ws/src/robot_pkg/install/robot_pkg/share/ament_index/resource_index
[1.348s] creating /home/aguillares/interbotix_ws/src/robot_pkg/install/robot_pkg/share/ament_index/resource_index/packages
[1.348s] copying resource/robot_pkg -> /home/aguillares/interbotix_ws/src/robot_pkg/install/robot_pkg/share/ament_index/resource_index/packages
[1.349s] copying package.xml -> /home/aguillares/interbotix_ws/src/robot_pkg/install/robot_pkg/share/robot_pkg
[1.349s] creating /home/aguillares/interbotix_ws/src/robot_pkg/install/robot_pkg/share/robot_pkg/launch
[1.349s] copying launch/robot_pkg_launch_file.launch.py -> /home/aguillares/interbotix_ws/src/robot_pkg/install/robot_pkg/share/robot_pkg/launch
[1.349s] running install_egg_info
[1.351s] Copying build/robot_pkg/robot_pkg.egg-info to /home/aguillares/interbotix_ws/src/robot_pkg/install/robot_pkg/lib/python3.10/site-packages/robot_pkg-0.0.0-py3.10.egg-info
[1.352s] running install_scripts
[1.379s] Installing camera script to /home/aguillares/interbotix_ws/src/robot_pkg/install/robot_pkg/lib/robot_pkg
[1.379s] Installing robot script to /home/aguillares/interbotix_ws/src/robot_pkg/install/robot_pkg/lib/robot_pkg
[1.379s] writing list of installed files to '/home/aguillares/interbotix_ws/src/robot_pkg/build/robot_pkg/install.log'
[1.413s] Invoked command in '/home/aguillares/interbotix_ws/src/robot_pkg' returned '0': CONDA_PROMPT_MODIFIER=(base) PYTHONPATH=/home/aguillares/interbotix_ws/src/robot_pkg/build/robot_pkg/prefix_override:/home/aguillares/interbotix_ws/src/robot_pkg/install/robot_pkg/lib/python3.10/site-packages:${PYTHONPATH} /usr/bin/python3 -W ignore:setup.py install is deprecated setup.py egg_info --egg-base build/robot_pkg build --build-base /home/aguillares/interbotix_ws/src/robot_pkg/build/robot_pkg/build install --record /home/aguillares/interbotix_ws/src/robot_pkg/build/robot_pkg/install.log --single-version-externally-managed install_data
